<?xml version="1.0" encoding="UTF-8"?>
<!-- Generated by org.testng.reporters.JUnitReportReporter -->
<testsuite hostname="DESKTOP-RV54SM4" failures="0" tests="1" name="Assignment1.FaceBookPostTest" time="56.073" errors="0" timestamp="30 Apr 2020 05:23:03 GMT" skipped="0">
  <testcase classname="Assignment1.FaceBookPostTest" name="test" time="56.073"/>
</testsuite> <!-- Assignment1.FaceBookPostTest -->
