<?xml version="1.0" encoding="UTF-8"?>
<!-- Generated by org.testng.reporters.JUnitReportReporter -->
<testsuite hostname="DESKTOP-RV54SM4" failures="0" tests="1" name="Assignment2.Tests" time="53.618" errors="0" timestamp="30 Apr 2020 10:32:44 GMT" skipped="0">
  <testcase classname="Assignment2.Tests" name="submitReviewTest" time="53.618"/>
</testsuite> <!-- Assignment2.Tests -->
